<?xml version="1.0" encoding="UTF-8"?>
<!-- Generated by org.testng.reporters.JUnitXMLReporter -->
<testsuite ignored="8" hostname="LAPTOP-989IB8D4" failures="2" tests="3" name="Command line test" time="63.312" errors="0" timestamp="2019-12-15T12:03:43 BRT">
  <testcase classname="testsProductos.BackAndForwardTest" name="womenForwardAndBack" time="3.298"/>
  <testcase classname="testsProductos.BackAndForwardTest" name="dressForwardAndBack" time="5.134">
    <failure type="org.openqa.selenium.TimeoutException" message="Expected condition failed: waiting for element to be clickable: By.linkText: Dresses (tried for 5 second(s) with 500 milliseconds interval)">
      <![CDATA[org.openqa.selenium.TimeoutException: Expected condition failed: waiting for element to be clickable: By.linkText: Dresses (tried for 5 second(s) with 500 milliseconds interval)
at org.openqa.selenium.support.ui.WebDriverWait.timeoutException(WebDriverWait.java:95)
at org.openqa.selenium.support.ui.FluentWait.until(FluentWait.java:272)
at helpers.Waiters.waitForClickable(Waiters.java:19)
at pages.IndexPage.clickDressLink(IndexPage.java:36)
at testsProductos.BackAndForwardTest.dressForwardAndBack(BackAndForwardTest.java:32)
at java.base/java.util.ArrayList.forEach(ArrayList.java:1540)
Caused by: org.openqa.selenium.NoSuchElementException: no such element: Unable to locate element: {"method":"link text","selector":"Dresses"}
  (Session info: chrome=78.0.3904.108)
For documentation on this error, please visit: https://www.seleniumhq.org/exceptions/no_such_element.html
Build info: version: '3.141.59', revision: 'e82be7d358', time: '2018-11-14T08:17:03'
System info: host: 'LAPTOP-989IB8D4', ip: '172.17.53.15', os.name: 'Windows 10', os.arch: 'amd64', os.version: '10.0', java.version: '11.0.5'
Driver info: org.openqa.selenium.chrome.ChromeDriver
Capabilities {acceptInsecureCerts: false, browserName: chrome, browserVersion: 78.0.3904.108, chrome: {chromedriverVersion: 77.0.3865.40 (f484704e052e0..., userDataDir: C:\Users\VERONICA\AppData\L...}, goog:chromeOptions: {debuggerAddress: localhost:61216}, javascriptEnabled: true, networkConnectionEnabled: false, pageLoadStrategy: normal, platform: XP, platformName: XP, proxy: Proxy(), setWindowRect: true, strictFileInteractability: false, timeouts: {implicit: 0, pageLoad: 300000, script: 30000}, unhandledPromptBehavior: dismiss and notify}
Session ID: cdd4a99f1231e64ef037205ebc96cc5d
*** Element info: {Using=link text, value=Dresses}
at org.openqa.selenium.remote.http.W3CHttpResponseCodec.createException(W3CHttpResponseCodec.java:187)
at org.openqa.selenium.remote.http.W3CHttpResponseCodec.decode(W3CHttpResponseCodec.java:122)
at org.openqa.selenium.remote.http.W3CHttpResponseCodec.decode(W3CHttpResponseCodec.java:49)
at org.openqa.selenium.remote.HttpCommandExecutor.execute(HttpCommandExecutor.java:158)
at org.openqa.selenium.remote.service.DriverCommandExecutor.execute(DriverCommandExecutor.java:83)
at org.openqa.selenium.remote.RemoteWebDriver.execute(RemoteWebDriver.java:552)
at org.openqa.selenium.remote.RemoteWebDriver.findElement(RemoteWebDriver.java:323)
at org.openqa.selenium.remote.RemoteWebDriver.findElementByLinkText(RemoteWebDriver.java:380)
at org.openqa.selenium.By$ByLinkText.findElement(By.java:220)
at org.openqa.selenium.remote.RemoteWebDriver.findElement(RemoteWebDriver.java:315)
at org.openqa.selenium.support.ui.ExpectedConditions$7.apply(ExpectedConditions.java:205)
at org.openqa.selenium.support.ui.ExpectedConditions$7.apply(ExpectedConditions.java:201)
at org.openqa.selenium.support.ui.ExpectedConditions$22.apply(ExpectedConditions.java:641)
at org.openqa.selenium.support.ui.ExpectedConditions$22.apply(ExpectedConditions.java:638)
at org.openqa.selenium.support.ui.FluentWait.until(FluentWait.java:249)
... 41 more
... Removed 41 stack frames]]>
    </failure>
  </testcase> <!-- dressForwardAndBack -->
  <testcase classname="testsProductos.BackAndForwardTest" name="TShirtForwardAndBack" time="5.055">
    <failure type="org.openqa.selenium.TimeoutException" message="Expected condition failed: waiting for element to be clickable: By.linkText: T-shirts (tried for 5 second(s) with 500 milliseconds interval)">
      <![CDATA[org.openqa.selenium.TimeoutException: Expected condition failed: waiting for element to be clickable: By.linkText: T-shirts (tried for 5 second(s) with 500 milliseconds interval)
at org.openqa.selenium.support.ui.WebDriverWait.timeoutException(WebDriverWait.java:95)
at org.openqa.selenium.support.ui.FluentWait.until(FluentWait.java:272)
at helpers.Waiters.waitForClickable(Waiters.java:19)
at pages.IndexPage.clickTShirtLink(IndexPage.java:41)
at testsProductos.BackAndForwardTest.TShirtForwardAndBack(BackAndForwardTest.java:47)
at java.base/java.util.ArrayList.forEach(ArrayList.java:1540)
Caused by: org.openqa.selenium.NoSuchElementException: no such element: Unable to locate element: {"method":"link text","selector":"T-shirts"}
  (Session info: chrome=78.0.3904.108)
For documentation on this error, please visit: https://www.seleniumhq.org/exceptions/no_such_element.html
Build info: version: '3.141.59', revision: 'e82be7d358', time: '2018-11-14T08:17:03'
System info: host: 'LAPTOP-989IB8D4', ip: '172.17.53.15', os.name: 'Windows 10', os.arch: 'amd64', os.version: '10.0', java.version: '11.0.5'
Driver info: org.openqa.selenium.chrome.ChromeDriver
Capabilities {acceptInsecureCerts: false, browserName: chrome, browserVersion: 78.0.3904.108, chrome: {chromedriverVersion: 77.0.3865.40 (f484704e052e0..., userDataDir: C:\Users\VERONICA\AppData\L...}, goog:chromeOptions: {debuggerAddress: localhost:61263}, javascriptEnabled: true, networkConnectionEnabled: false, pageLoadStrategy: normal, platform: XP, platformName: XP, proxy: Proxy(), setWindowRect: true, strictFileInteractability: false, timeouts: {implicit: 0, pageLoad: 300000, script: 30000}, unhandledPromptBehavior: dismiss and notify}
Session ID: 0c36fd995c79dbd82efc766622ea1cab
*** Element info: {Using=link text, value=T-shirts}
at org.openqa.selenium.remote.http.W3CHttpResponseCodec.createException(W3CHttpResponseCodec.java:187)
at org.openqa.selenium.remote.http.W3CHttpResponseCodec.decode(W3CHttpResponseCodec.java:122)
at org.openqa.selenium.remote.http.W3CHttpResponseCodec.decode(W3CHttpResponseCodec.java:49)
at org.openqa.selenium.remote.HttpCommandExecutor.execute(HttpCommandExecutor.java:158)
at org.openqa.selenium.remote.service.DriverCommandExecutor.execute(DriverCommandExecutor.java:83)
at org.openqa.selenium.remote.RemoteWebDriver.execute(RemoteWebDriver.java:552)
at org.openqa.selenium.remote.RemoteWebDriver.findElement(RemoteWebDriver.java:323)
at org.openqa.selenium.remote.RemoteWebDriver.findElementByLinkText(RemoteWebDriver.java:380)
at org.openqa.selenium.By$ByLinkText.findElement(By.java:220)
at org.openqa.selenium.remote.RemoteWebDriver.findElement(RemoteWebDriver.java:315)
at org.openqa.selenium.support.ui.ExpectedConditions$7.apply(ExpectedConditions.java:205)
at org.openqa.selenium.support.ui.ExpectedConditions$7.apply(ExpectedConditions.java:201)
at org.openqa.selenium.support.ui.ExpectedConditions$22.apply(ExpectedConditions.java:641)
at org.openqa.selenium.support.ui.ExpectedConditions$22.apply(ExpectedConditions.java:638)
at org.openqa.selenium.support.ui.FluentWait.until(FluentWait.java:249)
... 41 more
... Removed 40 stack frames]]>
    </failure>
  </testcase> <!-- TShirtForwardAndBack -->
  <testcase classname="testsProductos.WomenSearchTest" name="womanSearchByReference" time="0.0">
    <ignored/>
  </testcase> <!-- womanSearchByReference -->
  <testcase classname="testsProductos.SearchItemsTest" name="ejercicioTarea" time="0.0">
    <ignored/>
  </testcase> <!-- ejercicioTarea -->
  <testcase classname="testsProductos.WomenSearchTest" name="womanSearchByPriceLowerFirst" time="0.0">
    <ignored/>
  </testcase> <!-- womanSearchByPriceLowerFirst -->
  <testcase classname="testsProductos.SearchItemsTest" name="searchNoResults" time="0.0">
    <ignored/>
  </testcase> <!-- searchNoResults -->
  <testcase classname="testsProductos.SearchItemsTest" name="findClothes" time="0.0">
    <ignored/>
  </testcase> <!-- findClothes -->
  <testcase classname="testsProductos.SearchItemsTest" name="clickWomen" time="0.0">
    <ignored/>
  </testcase> <!-- clickWomen -->
  <testcase classname="testsProductos.WomenSearchTest" name="seeColorChecksLocated" time="0.0">
    <ignored/>
  </testcase> <!-- seeColorChecksLocated -->
  <testcase classname="testsProductos.WomenSearchTest" name="womanSearchByStock" time="0.0">
    <ignored/>
  </testcase> <!-- womanSearchByStock -->
</testsuite> <!-- Command line test -->
